[debug] [2023-08-16T14:02:39.165Z] ----------------------------------------------------------------------
[debug] [2023-08-16T14:02:39.168Z] Command:       C:\Program Files\nodejs\node.exe C:\Users\vhtr\AppData\Roaming\npm\node_modules\firebase-tools\lib\bin\firebase.js init hosting
[debug] [2023-08-16T14:02:39.168Z] CLI Version:   12.4.8
[debug] [2023-08-16T14:02:39.168Z] Platform:      win32
[debug] [2023-08-16T14:02:39.169Z] Node Version:  v18.16.0
[debug] [2023-08-16T14:02:39.170Z] Time:          Wed Aug 16 2023 17:02:39 GMT+0300 (UTC+03:00)
[debug] [2023-08-16T14:02:39.170Z] ----------------------------------------------------------------------
[debug] 
[debug] [2023-08-16T14:02:39.173Z] >>> [apiv2][query] GET https://firebase-public.firebaseio.com/cli.json [none]
[debug] [2023-08-16T14:02:39.232Z] > command requires scopes: ["email","openid","https://www.googleapis.com/auth/cloudplatformprojects.readonly","https://www.googleapis.com/auth/firebase","https://www.googleapis.com/auth/cloud-platform"]
[debug] [2023-08-16T14:02:39.233Z] > authorizing via signed-in user (ramvahatra@gmail.com)
[info] 
     ######## #### ########  ######## ########     ###     ######  ########
     ##        ##  ##     ## ##       ##     ##  ##   ##  ##       ##
     ######    ##  ########  ######   ########  #########  ######  ######
     ##        ##  ##    ##  ##       ##     ## ##     ##       ## ##
     ##       #### ##     ## ######## ########  ##     ##  ######  ########

You're about to initialize a Firebase project in this directory:

  D:\Node\ato

[debug] [2023-08-16T14:02:40.152Z] <<< [apiv2][status] GET https://firebase-public.firebaseio.com/cli.json 200
[debug] [2023-08-16T14:02:40.152Z] <<< [apiv2][body] GET https://firebase-public.firebaseio.com/cli.json {"cloudBuildErrorAfter":1594252800000,"cloudBuildWarnAfter":1590019200000,"defaultNode10After":1594252800000,"minVersion":"3.0.5","node8DeploysDisabledAfter":1613390400000,"node8RuntimeDisabledAfter":1615809600000,"node8WarnAfter":1600128000000}
[info] 
=== Project Setup
[info] 
[info] First, let's associate this project directory with a Firebase project.
[info] You can create multiple project aliases by running firebase use --add, 
[info] but for now we'll just set up a default project.
[info] 
[debug] [2023-08-16T14:02:57.090Z] > refreshing access token with scopes: []
[debug] [2023-08-16T14:02:57.091Z] >>> [apiv2][query] POST https://www.googleapis.com/oauth2/v3/token [none]
[debug] [2023-08-16T14:02:57.091Z] >>> [apiv2][body] POST https://www.googleapis.com/oauth2/v3/token [omitted]
[debug] [2023-08-16T14:02:58.131Z] <<< [apiv2][status] POST https://www.googleapis.com/oauth2/v3/token 200
[debug] [2023-08-16T14:02:58.131Z] <<< [apiv2][body] POST https://www.googleapis.com/oauth2/v3/token [omitted]
[debug] [2023-08-16T14:02:58.144Z] >>> [apiv2][query] GET https://firebase.googleapis.com/v1beta1/projects pageSize=100
[debug] [2023-08-16T14:02:59.454Z] <<< [apiv2][status] GET https://firebase.googleapis.com/v1beta1/projects 200
[debug] [2023-08-16T14:02:59.454Z] <<< [apiv2][body] GET https://firebase.googleapis.com/v1beta1/projects [omitted]
[info] i  Using project api-rest-vhtr (API-Rest-vhtr) 
[info] 
=== Hosting Setup
[info] 
[info] Your public directory is the folder (relative to your project directory) that
[info] will contain Hosting assets to be uploaded with firebase deploy. If you
[info] have a build process for your assets, use your build's output directory.
[info] 
